 
---STARTING--------------------------------------
Determining degree in Ferenheit...
74.021
Determining degree in Celcius...
23.345
recording to datafile
recording to database
time: 08-18-2019  9:59
---COMPLETE-------------------------------------
 
---STARTING--------------------------------------
Determining degree in Ferenheit...
74.021
Determining degree in Celcius...
23.345
recording to datafile
recording to database
time: 08-18-2019  9:59
---COMPLETE-------------------------------------
 
---STARTING--------------------------------------
Determining degree in Ferenheit...
74.021
Determining degree in Celcius...
23.345
recording to datafile
recording to database
time: 08-18-2019  9:59
---COMPLETE-------------------------------------
 
---STARTING--------------------------------------
Determining degree in Ferenheit...
74.021
Determining degree in Celcius...
23.345
recording to datafile
recording to database
time: 08-18-2019 10:02
---COMPLETE-------------------------------------
 
---STARTING--------------------------------------
Determining degree in Ferenheit...
74.021
Determining degree in Celcius...
23.345
recording to datafile
recording to database
time: 08-18-2019 10:12
---COMPLETE-------------------------------------
 
---STARTING--------------------------------------
Determining degree in Ferenheit...
74.021
Determining degree in Celcius...
23.345
recording to datafile
recording to database
time: 08-18-2019 10:12
---COMPLETE-------------------------------------
